<?xml version="1.0" encoding="UTF-8" standalone="no"?>
<!DOCTYPE log SYSTEM "logger.dtd">
<log>
<record>
  <date>2014-07-14T23:34:45</date>
  <millis>1405370085015</millis>
  <sequence>0</sequence>
  <logger>EJB_Loader</logger>
  <level>INFO</level>
  <class>kz.kerey.loaders.Loader</class>
  <method>loadEJBs</method>
  <thread>11</thread>
  <message>Starting loading EJB Clients</message>
</record>
<record>
  <date>2014-07-14T23:34:45</date>
  <millis>1405370085281</millis>
  <sequence>2</sequence>
  <logger>EJB_Loader</logger>
  <level>INFO</level>
  <class>kz.kerey.loaders.Loader</class>
  <method>loadEJBs</method>
  <thread>11</thread>
  <message>Ended loading EJB Clients</message>
</record>
</log>
